<?xml version="1.0" encoding="UTF-8"?>
<testng-results skipped="0" failed="0" ignored="0" total="1" passed="1">
  <reporter-output>
  </reporter-output>
  <suite name="Default suite" duration-ms="121522" started-at="2020-12-17T12:24:35Z" finished-at="2020-12-17T12:26:37Z">
    <groups>
    </groups>
    <test name="Default test" duration-ms="121522" started-at="2020-12-17T12:24:35Z" finished-at="2020-12-17T12:26:37Z">
      <class name="com.sample.TestNgData">
        <test-method status="PASS" signature="OpenBrowser()[pri:0, instance:com.sample.TestNgData@146ba0ac]" name="OpenBrowser" is-config="true" duration-ms="77113" started-at="2020-12-17T12:24:35Z" finished-at="2020-12-17T12:25:53Z">
          <reporter-output>
          </reporter-output>
        </test-method> <!-- OpenBrowser -->
        <test-method status="PASS" signature="loginPage()[pri:0, instance:com.sample.TestNgData@146ba0ac]" name="loginPage" duration-ms="39140" started-at="2020-12-17T12:25:53Z" finished-at="2020-12-17T12:26:32Z">
          <reporter-output>
          </reporter-output>
        </test-method> <!-- loginPage -->
        <test-method status="PASS" signature="CloseBrowser()[pri:0, instance:com.sample.TestNgData@146ba0ac]" name="CloseBrowser" is-config="true" duration-ms="5080" started-at="2020-12-17T12:26:32Z" finished-at="2020-12-17T12:26:37Z">
          <reporter-output>
          </reporter-output>
        </test-method> <!-- CloseBrowser -->
      </class> <!-- com.sample.TestNgData -->
    </test> <!-- Default test -->
  </suite> <!-- Default suite -->
</testng-results>
